<?xml version="1.0" encoding="UTF-8"?>
<!-- Generated by org.testng.reporters.JUnitXMLReporter -->
<testsuite ignored="0" hostname="DESKTOP-B371L1B" failures="0" tests="4" name="Default test" time="33.227" errors="0" timestamp="2024-08-24T18:25:06 IST">
  <testcase classname="TestClass.LogInPageTestClass" name="verifyAbleToEnterUserName" time="10.801"/>
  <testcase classname="TestClass.LogInPageTestClass" name="verifyAbleToEnterUserName" time="4.487"/>
  <testcase classname="TestClass.LogInPageTestClass" name="verifyAbleToEnterUserName" time="5.401"/>
  <testcase classname="TestClass.LogInPageTestClass" name="verifyAbleToEnterUserName" time="5.85"/>
</testsuite> <!-- Default test -->
