<?xml version="1.0" encoding="UTF-8"?>
<!-- Generated by org.testng.reporters.JUnitXMLReporter -->
<testsuite ignored="0" hostname="DESKTOP-B371L1B" failures="0" tests="8" name="ChromeTest" time="24.684" errors="0" timestamp="2024-08-01T15:11:13 IST">
  <testcase classname="TestClass.IndexPageTest" name="ClickOnShoppingCartValidation" time="1.909"/>
  <testcase classname="TestClass.IndexPageTest" name="ClickOnWishListValidation" time="1.36"/>
  <testcase classname="TestClass.IndexPageTest" name="RegBtnClickValidate" time="4.53"/>
  <testcase classname="TestClass.IndexPageTest" name="RegBtnDisplayedValidate" time="0.124"/>
  <testcase classname="TestClass.IndexPageTest" name="Seachproduct" time="5.015"/>
  <testcase classname="TestClass.IndexPageTest" name="logInBtn" time="3.739"/>
  <testcase classname="TestClass.IndexPageTest" name="nopCommerceLogoDispValidate" time="0.184"/>
  <testcase classname="TestClass.IndexPageTest" name="TitleValidate" time="0.887"/>
</testsuite> <!-- ChromeTest -->
