<?xml version="1.0" encoding="UTF-8"?>
<!-- Generated by org.testng.reporters.JUnitXMLReporter -->
<testsuite ignored="0" hostname="DESKTOP-B371L1B" failures="0" tests="4" name="Test" time="16.394" errors="0" timestamp="2024-08-24T20:42:06 IST">
  <testcase classname="TestClass.LogInPageTestClass" name="verifyAbleToEnterCredential" time="3.663"/>
  <testcase classname="TestClass.LogInPageTestClass" name="verifyAbleToEnterCredential" time="1.608"/>
  <testcase classname="TestClass.LogInPageTestClass" name="verifyAbleToEnterCredential" time="1.631"/>
  <testcase classname="TestClass.LogInPageTestClass" name="verifyAbleToEnterCredential" time="1.507"/>
</testsuite> <!-- Test -->
